<?xml version="1.0" encoding="UTF-8"?>
<!-- Generated by org.testng.reporters.JUnitReportReporter -->
<testsuite hostname="LKCONPABEYNAY02" failures="0" tests="1" name="gp.service.ApiTest" time="1.847" errors="0" timestamp="2023-11-22T00:30:45 IST" skipped="0">
  <testcase classname="gp.service.ApiTest" name="ApiTest" time="1.847"/>
  <system-out/>
</testsuite> <!-- gp.service.ApiTest -->
